<?xml version="1.0" encoding="UTF-8"?>
<!-- Generated by org.testng.reporters.JUnitXMLReporter -->
<testsuite ignored="2" hostname="SanjeevPatel" failures="0" tests="5" name="Car loan" time="0.289" errors="0" timestamp="2025-02-11T12:45:43 IST">
  <testcase classname="test.day3" name="MobileLogincarloan" time="0.016"/>
  <testcase classname="test.day3" name="Mobilesignoutcarloan" time="0.001"/>
  <testcase classname="test.day3" name="Mobilesignoutcarloan" time="0.002"/>
  <testcase classname="test.day3" name="Mobilesignoutcarloan" time="0.0"/>
  <testcase classname="test.day3" name="WebLoginCarLoan" time="0.0"/>
  <testcase classname="test.day3" name="APIcarloan" time="0.0">
    <ignored/>
  </testcase> <!-- APIcarloan -->
  <testcase classname="test.day3" name="MobileSigncarloan" time="0.0">
    <ignored/>
  </testcase> <!-- MobileSigncarloan -->
</testsuite> <!-- Car loan -->
