<?xml version="1.0" encoding="UTF-8"?>
<!-- Generated by org.testng.reporters.JUnitReportReporter -->
<testsuite hostname="SanjeevPatel" failures="0" tests="3" name="test.day4" time="0.007" errors="0" timestamp="2025-02-11T12:45:43 IST" skipped="0">
  <testcase classname="test.day4" name="MobileLoginhomeloan" time="0.001"/>
  <testcase classname="test.day4" name="WebLoginhomeloan" time="0.001"/>
  <testcase classname="test.day4" name="LoginApihomeloan" time="0.005"/>
</testsuite> <!-- test.day4 -->
