<?xml version="1.0" encoding="UTF-8"?>
<!-- Generated by org.testng.reporters.JUnitReportReporter -->
<testsuite hostname="SanjeevPatel" failures="0" tests="6" name="test.day3" time="0.053" errors="0" timestamp="2025-02-11T12:45:43 IST" skipped="1">
  <testcase classname="test.day3" name="Mobilesignoutcarloan" time="0.004"/>
  <testcase classname="test.day3" name="WebLoginCarLoan" time="0.003"/>
  <testcase classname="test.day3" name="Mobilesignoutcarloan" time="0.002"/>
  <testcase classname="test.day3" name="Mobilesignoutcarloan" time="0.023"/>
  <testcase classname="test.day3" name="MobileLogincarloan" time="0.021"/>
  <testcase classname="test.day3" name="MobileSigncarloan">
    <skipped/>
  </testcase> <!-- MobileSigncarloan -->
</testsuite> <!-- test.day3 -->
